2024-09-26 22:12:41,810 - INFO - Starting cross-lingual alignment pipeline...
2024-09-26 22:12:41,810 - INFO - Loading FastText models...
2024-09-26 22:12:52,529 - INFO - Loading bilingual lexicon...
2024-09-26 22:12:52,809 - INFO - Performing supervised alignment...
2024-09-26 22:14:56,817 - INFO - Evaluating supervised alignment...
2024-09-26 22:17:35,684 - INFO - Starting cross-lingual alignment pipeline...
2024-09-26 22:17:35,684 - INFO - Loading FastText models...
2024-09-26 22:17:47,134 - INFO - Loading bilingual lexicon...
2024-09-26 22:17:47,267 - INFO - Performing supervised alignment...
2024-09-26 22:19:58,842 - INFO - Evaluating supervised alignment...
2024-09-26 22:21:24,578 - INFO - Supervised Alignment Results: Precision@1: 0.3513, Precision@5: 0.6206
2024-09-26 22:23:16,312 - INFO - Starting cross-lingual alignment pipeline...
2024-09-26 22:23:16,312 - INFO - Loading FastText models...
2024-09-26 22:23:25,510 - INFO - Loading bilingual lexicon...
2024-09-26 22:23:25,599 - INFO - Performing supervised alignment...
2024-09-26 22:25:41,446 - INFO - Evaluating supervised alignment...
2024-09-26 22:27:10,850 - INFO - Supervised Alignment Results: Precision@1: 0.3513, Precision@5: 0.6206
2024-09-26 22:27:11,535 - INFO - Cosine Similarities:
2024-09-26 22:27:11,535 - INFO - dog - कुत्ता: 0.6349
2024-09-26 22:27:11,535 - INFO - cat - बिल्ली: 0.5632
2024-09-26 22:27:11,535 - INFO - house - घर: 0.5415
2024-09-26 22:27:11,535 - INFO - Starting ablation study with sizes: 5000, 10000, 20000
2024-09-26 22:40:11,712 - INFO - Starting cross-lingual alignment pipeline...
2024-09-26 22:40:11,712 - INFO - Loading FastText models...
2024-09-26 22:40:21,109 - INFO - Loading bilingual lexicon...
2024-09-26 22:40:21,468 - INFO - Performing supervised alignment...
2024-09-26 22:42:15,409 - INFO - Evaluating supervised alignment...
2024-09-26 22:43:37,151 - INFO - Supervised Alignment Results: Precision@1: 0.3513, Precision@5: 0.6206
2024-09-26 22:43:37,687 - INFO - Cosine Similarities:
2024-09-26 22:43:37,687 - INFO - dog - कुत्ता: 0.6349
2024-09-26 22:43:37,687 - INFO - cat - बिल्ली: 0.5632
2024-09-26 22:43:37,687 - INFO - house - घर: 0.5415
2024-09-26 22:43:37,687 - INFO - Starting ablation study with sizes: 5000, 10000, 20000
2024-09-26 22:45:25,946 - INFO - Starting cross-lingual alignment pipeline...
2024-09-26 22:45:25,946 - INFO - Loading FastText models...
2024-09-26 22:45:34,596 - INFO - Loading bilingual lexicon...
2024-09-26 22:45:34,639 - INFO - Performing supervised alignment...
2024-09-26 22:46:54,847 - INFO - Evaluating supervised alignment...
2024-09-26 22:48:20,299 - INFO - Supervised Alignment Results: Precision@1: 0.3513, Precision@5: 0.6206
2024-09-26 22:48:20,912 - INFO - Cosine Similarities:
2024-09-26 22:48:20,912 - INFO - dog - कुत्ता: 0.6349
2024-09-26 22:48:20,912 - INFO - cat - बिल्ली: 0.5632
2024-09-26 22:48:20,912 - INFO - house - घर: 0.5415
2024-09-26 22:48:20,912 - INFO - Starting ablation study with sizes: 5000, 10000, 20000
2024-09-26 22:52:40,628 - INFO - Starting cross-lingual alignment pipeline...
2024-09-26 22:52:40,628 - INFO - Loading FastText models...
2024-09-26 22:52:49,940 - INFO - Loading bilingual lexicon...
2024-09-26 22:52:50,013 - INFO - Performing supervised alignment...
2024-09-26 22:54:39,452 - INFO - Evaluating supervised alignment...
2024-09-26 22:56:05,580 - INFO - Supervised Alignment Results: Precision@1: 0.3513, Precision@5: 0.6206
2024-09-26 22:56:06,150 - INFO - Cosine Similarities:
2024-09-26 22:56:06,150 - INFO - dog - कुत्ता: 0.6349
2024-09-26 22:56:06,150 - INFO - cat - बिल्ली: 0.5632
2024-09-26 22:56:06,150 - INFO - house - घर: 0.5415
2024-09-26 22:56:06,150 - INFO - Starting ablation study with sizes: 5000, 10000, 20000
2024-09-26 23:26:35,799 - INFO - Starting cross-lingual alignment pipeline...
2024-09-26 23:26:35,799 - INFO - Loading FastText models...
2024-09-26 23:26:45,395 - INFO - Loading bilingual lexicon...
2024-09-26 23:26:45,485 - INFO - Performing supervised alignment...
2024-09-26 23:28:36,717 - INFO - Evaluating supervised alignment...
2024-09-26 23:30:04,411 - INFO - Supervised Alignment Results: Precision@1: 0.3513, Precision@5: 0.6206
2024-09-26 23:30:05,124 - INFO - Cosine Similarities:
2024-09-26 23:30:05,124 - INFO - dog - कुत्ता: 0.6349
2024-09-26 23:30:05,124 - INFO - cat - बिल्ली: 0.5632
2024-09-26 23:30:05,124 - INFO - house - घर: 0.5415
2024-09-26 23:30:05,124 - INFO - Starting ablation study with sizes: 5000, 10000, 20000
2024-09-27 10:18:34,111 - INFO - Starting cross-lingual alignment pipeline...
2024-09-27 10:18:34,111 - INFO - Loading FastText models...
2024-09-27 10:18:43,834 - INFO - Loading bilingual lexicon...
2024-09-27 10:18:44,230 - INFO - Performing supervised alignment...
